1720012311.946428 client started (49802): version 3.4, socket /private/tmp/tmux-502/default, protocol 8
1720012311.946459 on Darwin 22.6.0 Darwin Kernel Version 22.6.0: Mon Apr 22 20:49:37 PDT 2024; root:xnu-8796.141.3.705.2~1/RELEASE_ARM64_T6000
1720012311.946469 using libevent 2.1.12-stable select
1720012311.946476 using utf8proc 2.9.0
1720012311.946481 using ncurses 6.5 20240427
1720012311.946495 flags are 0x10010000
1720012311.946500 socket is /private/tmp/tmux-502/default
1720012311.946509 trying connect
1720012311.946552 add peer 0x120008000: 6 (0x0)
1720012311.948053 sending message 100 to peer 0x120008000 (4 bytes)
1720012311.948063 sending message 111 to peer 0x120008000 (8 bytes)
1720012311.948068 sending message 101 to peer 0x120008000 (15 bytes)
1720012311.948072 sending message 109 to peer 0x120008000 (4 bytes)
1720012311.948076 sending message 102 to peer 0x120008000 (13 bytes)
1720012311.948081 sending message 108 to peer 0x120008000 (63 bytes)
1720012311.948085 sending message 112 to peer 0x120008000 (58 bytes)
1720012311.948089 sending message 112 to peer 0x120008000 (5 bytes)
1720012311.948093 sending message 112 to peer 0x120008000 (5 bytes)
1720012311.948097 sending message 112 to peer 0x120008000 (6 bytes)
1720012311.948100 sending message 112 to peer 0x120008000 (6 bytes)
1720012311.948104 sending message 112 to peer 0x120008000 (11 bytes)
1720012311.948108 sending message 112 to peer 0x120008000 (10 bytes)
1720012311.948112 sending message 112 to peer 0x120008000 (13 bytes)
1720012311.948116 sending message 112 to peer 0x120008000 (14 bytes)
1720012311.948120 sending message 112 to peer 0x120008000 (19 bytes)
1720012311.948123 sending message 112 to peer 0x120008000 (11 bytes)
1720012311.948127 sending message 112 to peer 0x120008000 (10 bytes)
1720012311.948131 sending message 112 to peer 0x120008000 (15 bytes)
1720012311.948135 sending message 112 to peer 0x120008000 (21 bytes)
1720012311.948139 sending message 112 to peer 0x120008000 (13 bytes)
1720012311.948143 sending message 112 to peer 0x120008000 (7 bytes)
1720012311.948146 sending message 112 to peer 0x120008000 (13 bytes)
1720012311.948150 sending message 112 to peer 0x120008000 (7 bytes)
1720012311.948154 sending message 112 to peer 0x120008000 (13 bytes)
1720012311.948158 sending message 112 to peer 0x120008000 (9 bytes)
1720012311.948161 sending message 112 to peer 0x120008000 (21 bytes)
1720012311.948165 sending message 112 to peer 0x120008000 (13 bytes)
1720012311.948169 sending message 112 to peer 0x120008000 (9 bytes)
1720012311.948173 sending message 112 to peer 0x120008000 (16 bytes)
1720012311.948177 sending message 112 to peer 0x120008000 (13 bytes)
1720012311.948180 sending message 112 to peer 0x120008000 (9 bytes)
1720012311.948184 sending message 112 to peer 0x120008000 (9 bytes)
1720012311.948188 sending message 112 to peer 0x120008000 (12 bytes)
1720012311.948192 sending message 112 to peer 0x120008000 (8 bytes)
1720012311.948196 sending message 112 to peer 0x120008000 (8 bytes)
1720012311.948199 sending message 112 to peer 0x120008000 (13 bytes)
1720012311.948203 sending message 112 to peer 0x120008000 (7 bytes)
1720012311.948207 sending message 112 to peer 0x120008000 (7 bytes)
1720012311.948211 sending message 112 to peer 0x120008000 (9 bytes)
1720012311.948215 sending message 112 to peer 0x120008000 (9 bytes)
1720012311.948219 sending message 112 to peer 0x120008000 (15 bytes)
1720012311.948223 sending message 112 to peer 0x120008000 (13 bytes)
1720012311.948226 sending message 112 to peer 0x120008000 (12 bytes)
1720012311.948230 sending message 112 to peer 0x120008000 (8 bytes)
1720012311.948237 sending message 112 to peer 0x120008000 (14 bytes)
1720012311.948245 sending message 112 to peer 0x120008000 (11 bytes)
1720012311.948251 sending message 112 to peer 0x120008000 (9 bytes)
1720012311.948255 sending message 112 to peer 0x120008000 (10 bytes)
1720012311.948258 sending message 112 to peer 0x120008000 (10 bytes)
1720012311.948262 sending message 112 to peer 0x120008000 (10 bytes)
1720012311.948266 sending message 112 to peer 0x120008000 (10 bytes)
1720012311.948276 sending message 112 to peer 0x120008000 (11 bytes)
1720012311.948279 sending message 112 to peer 0x120008000 (12 bytes)
1720012311.948282 sending message 112 to peer 0x120008000 (12 bytes)
1720012311.948284 sending message 112 to peer 0x120008000 (12 bytes)
1720012311.948287 sending message 112 to peer 0x120008000 (12 bytes)
1720012311.948290 sending message 112 to peer 0x120008000 (12 bytes)
1720012311.948293 sending message 112 to peer 0x120008000 (11 bytes)
1720012311.948295 sending message 112 to peer 0x120008000 (11 bytes)
1720012311.948298 sending message 112 to peer 0x120008000 (12 bytes)
1720012311.948301 sending message 112 to peer 0x120008000 (12 bytes)
1720012311.948303 sending message 112 to peer 0x120008000 (12 bytes)
1720012311.948306 sending message 112 to peer 0x120008000 (12 bytes)
1720012311.948309 sending message 112 to peer 0x120008000 (12 bytes)
1720012311.948311 sending message 112 to peer 0x120008000 (9 bytes)
1720012311.948314 sending message 112 to peer 0x120008000 (12 bytes)
1720012311.948317 sending message 112 to peer 0x120008000 (13 bytes)
1720012311.948319 sending message 112 to peer 0x120008000 (13 bytes)
1720012311.948322 sending message 112 to peer 0x120008000 (13 bytes)
1720012311.948325 sending message 112 to peer 0x120008000 (13 bytes)
1720012311.948328 sending message 112 to peer 0x120008000 (13 bytes)
1720012311.948331 sending message 112 to peer 0x120008000 (8 bytes)
1720012311.948333 sending message 112 to peer 0x120008000 (11 bytes)
1720012311.948336 sending message 112 to peer 0x120008000 (11 bytes)
1720012311.948339 sending message 112 to peer 0x120008000 (11 bytes)
1720012311.948342 sending message 112 to peer 0x120008000 (12 bytes)
1720012311.948344 sending message 112 to peer 0x120008000 (12 bytes)
1720012311.948347 sending message 112 to peer 0x120008000 (12 bytes)
1720012311.948350 sending message 112 to peer 0x120008000 (12 bytes)
1720012311.948352 sending message 112 to peer 0x120008000 (13 bytes)
1720012311.948355 sending message 112 to peer 0x120008000 (13 bytes)
1720012311.948358 sending message 112 to peer 0x120008000 (13 bytes)
1720012311.948360 sending message 112 to peer 0x120008000 (8 bytes)
1720012311.948363 sending message 112 to peer 0x120008000 (13 bytes)
1720012311.948366 sending message 112 to peer 0x120008000 (13 bytes)
1720012311.948368 sending message 112 to peer 0x120008000 (13 bytes)
1720012311.948371 sending message 112 to peer 0x120008000 (13 bytes)
1720012311.948374 sending message 112 to peer 0x120008000 (13 bytes)
1720012311.948376 sending message 112 to peer 0x120008000 (12 bytes)
1720012311.948379 sending message 112 to peer 0x120008000 (12 bytes)
1720012311.948382 sending message 112 to peer 0x120008000 (12 bytes)
1720012311.948384 sending message 112 to peer 0x120008000 (12 bytes)
1720012311.948387 sending message 112 to peer 0x120008000 (13 bytes)
1720012311.948390 sending message 112 to peer 0x120008000 (8 bytes)
1720012311.948393 sending message 112 to peer 0x120008000 (13 bytes)
1720012311.948396 sending message 112 to peer 0x120008000 (13 bytes)
1720012311.948399 sending message 112 to peer 0x120008000 (13 bytes)
1720012311.948401 sending message 112 to peer 0x120008000 (13 bytes)
1720012311.948404 sending message 112 to peer 0x120008000 (13 bytes)
1720012311.948407 sending message 112 to peer 0x120008000 (13 bytes)
1720012311.948409 sending message 112 to peer 0x120008000 (13 bytes)
1720012311.948412 sending message 112 to peer 0x120008000 (12 bytes)
1720012311.948415 sending message 112 to peer 0x120008000 (12 bytes)
1720012311.948417 sending message 112 to peer 0x120008000 (12 bytes)
1720012311.948420 sending message 112 to peer 0x120008000 (8 bytes)
1720012311.948423 sending message 112 to peer 0x120008000 (12 bytes)
1720012311.948425 sending message 112 to peer 0x120008000 (13 bytes)
1720012311.948428 sending message 112 to peer 0x120008000 (13 bytes)
1720012311.948431 sending message 112 to peer 0x120008000 (13 bytes)
1720012311.948433 sending message 112 to peer 0x120008000 (13 bytes)
1720012311.948441 sending message 112 to peer 0x120008000 (13 bytes)
1720012311.948443 sending message 112 to peer 0x120008000 (13 bytes)
1720012311.948446 sending message 112 to peer 0x120008000 (13 bytes)
1720012311.948449 sending message 112 to peer 0x120008000 (13 bytes)
1720012311.948451 sending message 112 to peer 0x120008000 (12 bytes)
1720012311.948454 sending message 112 to peer 0x120008000 (10 bytes)
1720012311.948457 sending message 112 to peer 0x120008000 (12 bytes)
1720012311.948460 sending message 112 to peer 0x120008000 (12 bytes)
1720012311.948462 sending message 112 to peer 0x120008000 (12 bytes)
1720012311.948465 sending message 112 to peer 0x120008000 (13 bytes)
1720012311.948468 sending message 112 to peer 0x120008000 (13 bytes)
1720012311.948470 sending message 112 to peer 0x120008000 (13 bytes)
1720012311.948473 sending message 112 to peer 0x120008000 (13 bytes)
1720012311.948476 sending message 112 to peer 0x120008000 (13 bytes)
1720012311.948478 sending message 112 to peer 0x120008000 (13 bytes)
1720012311.948481 sending message 112 to peer 0x120008000 (13 bytes)
1720012311.948484 sending message 112 to peer 0x120008000 (10 bytes)
1720012311.948486 sending message 112 to peer 0x120008000 (13 bytes)
1720012311.948489 sending message 112 to peer 0x120008000 (12 bytes)
1720012311.948491 sending message 112 to peer 0x120008000 (12 bytes)
1720012311.948494 sending message 112 to peer 0x120008000 (12 bytes)
1720012311.948497 sending message 112 to peer 0x120008000 (10 bytes)
1720012311.948503 sending message 112 to peer 0x120008000 (10 bytes)
1720012311.948509 sending message 112 to peer 0x120008000 (10 bytes)
1720012311.948513 sending message 112 to peer 0x120008000 (12 bytes)
1720012311.948518 sending message 112 to peer 0x120008000 (13 bytes)
1720012311.948520 sending message 112 to peer 0x120008000 (13 bytes)
1720012311.948523 sending message 112 to peer 0x120008000 (13 bytes)
1720012311.948526 sending message 112 to peer 0x120008000 (13 bytes)
1720012311.948528 sending message 112 to peer 0x120008000 (13 bytes)
1720012311.948531 sending message 112 to peer 0x120008000 (10 bytes)
1720012311.948534 sending message 112 to peer 0x120008000 (11 bytes)
1720012311.948536 sending message 112 to peer 0x120008000 (12 bytes)
1720012311.948539 sending message 112 to peer 0x120008000 (12 bytes)
1720012311.948541 sending message 112 to peer 0x120008000 (12 bytes)
1720012311.948544 sending message 112 to peer 0x120008000 (12 bytes)
1720012311.948547 sending message 112 to peer 0x120008000 (12 bytes)
1720012311.948549 sending message 112 to peer 0x120008000 (11 bytes)
1720012311.948552 sending message 112 to peer 0x120008000 (12 bytes)
1720012311.948555 sending message 112 to peer 0x120008000 (12 bytes)
1720012311.948558 sending message 112 to peer 0x120008000 (13 bytes)
1720012311.948560 sending message 112 to peer 0x120008000 (13 bytes)
1720012311.948563 sending message 112 to peer 0x120008000 (13 bytes)
1720012311.948566 sending message 112 to peer 0x120008000 (13 bytes)
1720012311.948568 sending message 112 to peer 0x120008000 (13 bytes)
1720012311.948571 sending message 112 to peer 0x120008000 (10 bytes)
1720012311.948574 sending message 112 to peer 0x120008000 (9 bytes)
1720012311.948576 sending message 112 to peer 0x120008000 (12 bytes)
1720012311.948579 sending message 112 to peer 0x120008000 (13 bytes)
1720012311.948582 sending message 112 to peer 0x120008000 (13 bytes)
1720012311.948584 sending message 112 to peer 0x120008000 (13 bytes)
1720012311.948587 sending message 112 to peer 0x120008000 (13 bytes)
1720012311.948590 sending message 112 to peer 0x120008000 (13 bytes)
1720012311.948592 sending message 112 to peer 0x120008000 (9 bytes)
1720012311.948595 sending message 112 to peer 0x120008000 (12 bytes)
1720012311.948597 sending message 112 to peer 0x120008000 (13 bytes)
1720012311.948600 sending message 112 to peer 0x120008000 (13 bytes)
1720012311.948603 sending message 112 to peer 0x120008000 (13 bytes)
1720012311.948606 sending message 112 to peer 0x120008000 (13 bytes)
1720012311.948608 sending message 112 to peer 0x120008000 (13 bytes)
1720012311.948615 sending message 112 to peer 0x120008000 (11 bytes)
1720012311.948618 sending message 112 to peer 0x120008000 (12 bytes)
1720012311.948621 sending message 112 to peer 0x120008000 (13 bytes)
1720012311.948623 sending message 112 to peer 0x120008000 (13 bytes)
1720012311.948626 sending message 112 to peer 0x120008000 (13 bytes)
1720012311.948629 sending message 112 to peer 0x120008000 (13 bytes)
1720012311.948632 sending message 112 to peer 0x120008000 (13 bytes)
1720012311.948635 sending message 112 to peer 0x120008000 (11 bytes)
1720012311.948638 sending message 112 to peer 0x120008000 (12 bytes)
1720012311.948640 sending message 112 to peer 0x120008000 (12 bytes)
1720012311.948643 sending message 112 to peer 0x120008000 (12 bytes)
1720012311.948646 sending message 112 to peer 0x120008000 (12 bytes)
1720012311.948649 sending message 112 to peer 0x120008000 (12 bytes)
1720012311.948651 sending message 112 to peer 0x120008000 (21 bytes)
1720012311.948654 sending message 112 to peer 0x120008000 (12 bytes)
1720012311.948657 sending message 112 to peer 0x120008000 (9 bytes)
1720012311.948660 sending message 112 to peer 0x120008000 (6 bytes)
1720012311.948662 sending message 112 to peer 0x120008000 (13 bytes)
1720012311.948665 sending message 112 to peer 0x120008000 (10 bytes)
1720012311.948668 sending message 112 to peer 0x120008000 (24 bytes)
1720012311.948670 sending message 112 to peer 0x120008000 (13 bytes)
1720012311.948673 sending message 112 to peer 0x120008000 (9 bytes)
1720012311.948676 sending message 112 to peer 0x120008000 (70 bytes)
1720012311.948678 sending message 112 to peer 0x120008000 (69 bytes)
1720012311.948681 sending message 112 to peer 0x120008000 (12 bytes)
1720012311.948684 sending message 112 to peer 0x120008000 (10 bytes)
1720012311.948687 sending message 112 to peer 0x120008000 (10 bytes)
1720012311.948690 sending message 112 to peer 0x120008000 (24 bytes)
1720012311.948693 sending message 112 to peer 0x120008000 (13 bytes)
1720012311.948696 sending message 112 to peer 0x120008000 (10 bytes)
1720012311.948699 sending message 112 to peer 0x120008000 (10 bytes)
1720012311.948701 sending message 112 to peer 0x120008000 (10 bytes)
1720012311.948704 sending message 112 to peer 0x120008000 (13 bytes)
1720012311.948707 sending message 112 to peer 0x120008000 (15 bytes)
1720012311.948709 sending message 112 to peer 0x120008000 (5 bytes)
1720012311.948713 sending message 104 to peer 0x120008000 (0 bytes)
1720012311.948716 sending message 110 to peer 0x120008000 (0 bytes)
1720012311.948719 sending message 107 to peer 0x120008000 (4 bytes)
1720012311.948721 sending message 105 to peer 0x120008000 (82 bytes)
1720012311.948724 sending message 105 to peer 0x120008000 (86 bytes)
1720012311.948727 sending message 105 to peer 0x120008000 (31 bytes)
1720012311.948730 sending message 105 to peer 0x120008000 (40 bytes)
1720012311.948732 sending message 105 to peer 0x120008000 (50 bytes)
1720012311.948735 sending message 105 to peer 0x120008000 (47 bytes)
1720012311.948738 sending message 105 to peer 0x120008000 (20 bytes)
1720012311.948740 sending message 105 to peer 0x120008000 (22 bytes)
1720012311.948743 sending message 105 to peer 0x120008000 (63 bytes)
1720012311.948746 sending message 105 to peer 0x120008000 (28 bytes)
1720012311.948748 sending message 105 to peer 0x120008000 (37 bytes)
1720012311.948751 sending message 105 to peer 0x120008000 (30 bytes)
1720012311.948754 sending message 105 to peer 0x120008000 (34 bytes)
1720012311.948757 sending message 105 to peer 0x120008000 (60 bytes)
1720012311.948759 sending message 105 to peer 0x120008000 (19 bytes)
1720012311.948763 sending message 105 to peer 0x120008000 (8 bytes)
1720012311.948765 sending message 105 to peer 0x120008000 (24 bytes)
1720012311.948768 sending message 105 to peer 0x120008000 (32 bytes)
1720012311.948771 sending message 105 to peer 0x120008000 (96 bytes)
1720012311.948774 sending message 105 to peer 0x120008000 (216 bytes)
1720012311.948777 sending message 105 to peer 0x120008000 (1000 bytes)
1720012311.948786 sending message 105 to peer 0x120008000 (63 bytes)
1720012311.948789 sending message 105 to peer 0x120008000 (16 bytes)
1720012311.948791 sending message 105 to peer 0x120008000 (36 bytes)
1720012311.948794 sending message 105 to peer 0x120008000 (72 bytes)
1720012311.948797 sending message 105 to peer 0x120008000 (58 bytes)
1720012311.948800 sending message 105 to peer 0x120008000 (34 bytes)
1720012311.948802 sending message 105 to peer 0x120008000 (51 bytes)
1720012311.948805 sending message 105 to peer 0x120008000 (11 bytes)
1720012311.948808 sending message 105 to peer 0x120008000 (1055 bytes)
1720012311.948810 sending message 105 to peer 0x120008000 (67 bytes)
1720012311.948813 sending message 105 to peer 0x120008000 (15 bytes)
1720012311.948816 sending message 105 to peer 0x120008000 (8 bytes)
1720012311.948819 sending message 105 to peer 0x120008000 (66 bytes)
1720012311.948821 sending message 105 to peer 0x120008000 (20 bytes)
1720012311.948824 sending message 105 to peer 0x120008000 (18 bytes)
1720012311.948827 sending message 105 to peer 0x120008000 (25 bytes)
1720012311.948829 sending message 105 to peer 0x120008000 (57 bytes)
1720012311.948832 sending message 105 to peer 0x120008000 (43 bytes)
1720012311.948837 sending message 105 to peer 0x120008000 (13 bytes)
1720012311.948840 sending message 105 to peer 0x120008000 (63 bytes)
1720012311.948842 sending message 105 to peer 0x120008000 (21 bytes)
1720012311.948845 sending message 105 to peer 0x120008000 (20 bytes)
1720012311.948848 sending message 105 to peer 0x120008000 (14 bytes)
1720012311.948851 sending message 105 to peer 0x120008000 (19 bytes)
1720012311.948854 sending message 105 to peer 0x120008000 (38 bytes)
1720012311.948857 sending message 105 to peer 0x120008000 (35 bytes)
1720012311.948860 sending message 105 to peer 0x120008000 (32 bytes)
1720012311.948863 sending message 105 to peer 0x120008000 (25 bytes)
1720012311.948865 sending message 106 to peer 0x120008000 (0 bytes)
1720012311.948932 sending message 200 to peer 0x120008000 (4 bytes)
1720012311.948937 client loop enter
1720012311.949078 peer 0x120008000 message 303
1720012311.949086 open write file 2 -
1720012311.949110 sending message 305 to peer 0x120008000 (8 bytes)
1720012311.949121 write check file 2
1720012311.949146 peer 0x120008000 message 304
1720012311.949151 write 58 to file 2
1720012311.949155 peer 0x120008000 message 203
1720012311.949158 file 2 58 bytes left
1720012311.949166 write check file 2
1720012311.949169 client loop exit
