1720012291.155985 client started (49282): version 3.4, socket /private/tmp/tmux-502/default, protocol 8
1720012291.156024 on Darwin 22.6.0 Darwin Kernel Version 22.6.0: Mon Apr 22 20:49:37 PDT 2024; root:xnu-8796.141.3.705.2~1/RELEASE_ARM64_T6000
1720012291.156034 using libevent 2.1.12-stable select
1720012291.156511 using utf8proc 2.9.0
1720012291.156529 using ncurses 6.5 20240427
1720012291.156558 flags are 0x10010000
1720012291.156567 socket is /private/tmp/tmux-502/default
1720012291.156578 trying connect
1720012291.156625 add peer 0x150008000: 6 (0x0)
1720012291.158923 sending message 100 to peer 0x150008000 (4 bytes)
1720012291.158935 sending message 111 to peer 0x150008000 (8 bytes)
1720012291.158940 sending message 101 to peer 0x150008000 (15 bytes)
1720012291.158945 sending message 109 to peer 0x150008000 (4 bytes)
1720012291.158950 sending message 102 to peer 0x150008000 (13 bytes)
1720012291.158955 sending message 108 to peer 0x150008000 (63 bytes)
1720012291.158960 sending message 112 to peer 0x150008000 (58 bytes)
1720012291.158965 sending message 112 to peer 0x150008000 (5 bytes)
1720012291.158972 sending message 112 to peer 0x150008000 (5 bytes)
1720012291.158977 sending message 112 to peer 0x150008000 (6 bytes)
1720012291.158981 sending message 112 to peer 0x150008000 (6 bytes)
1720012291.158986 sending message 112 to peer 0x150008000 (11 bytes)
1720012291.158991 sending message 112 to peer 0x150008000 (10 bytes)
1720012291.158997 sending message 112 to peer 0x150008000 (13 bytes)
1720012291.159001 sending message 112 to peer 0x150008000 (14 bytes)
1720012291.159006 sending message 112 to peer 0x150008000 (19 bytes)
1720012291.159010 sending message 112 to peer 0x150008000 (11 bytes)
1720012291.159015 sending message 112 to peer 0x150008000 (10 bytes)
1720012291.159020 sending message 112 to peer 0x150008000 (15 bytes)
1720012291.159025 sending message 112 to peer 0x150008000 (21 bytes)
1720012291.159031 sending message 112 to peer 0x150008000 (13 bytes)
1720012291.159035 sending message 112 to peer 0x150008000 (7 bytes)
1720012291.159041 sending message 112 to peer 0x150008000 (13 bytes)
1720012291.159046 sending message 112 to peer 0x150008000 (7 bytes)
1720012291.159052 sending message 112 to peer 0x150008000 (13 bytes)
1720012291.159057 sending message 112 to peer 0x150008000 (9 bytes)
1720012291.159061 sending message 112 to peer 0x150008000 (21 bytes)
1720012291.159066 sending message 112 to peer 0x150008000 (13 bytes)
1720012291.159071 sending message 112 to peer 0x150008000 (9 bytes)
1720012291.159077 sending message 112 to peer 0x150008000 (16 bytes)
1720012291.159082 sending message 112 to peer 0x150008000 (13 bytes)
1720012291.159087 sending message 112 to peer 0x150008000 (9 bytes)
1720012291.159092 sending message 112 to peer 0x150008000 (9 bytes)
1720012291.159097 sending message 112 to peer 0x150008000 (12 bytes)
1720012291.159101 sending message 112 to peer 0x150008000 (8 bytes)
1720012291.159106 sending message 112 to peer 0x150008000 (8 bytes)
1720012291.159110 sending message 112 to peer 0x150008000 (13 bytes)
1720012291.159115 sending message 112 to peer 0x150008000 (7 bytes)
1720012291.159120 sending message 112 to peer 0x150008000 (7 bytes)
1720012291.159125 sending message 112 to peer 0x150008000 (9 bytes)
1720012291.159129 sending message 112 to peer 0x150008000 (9 bytes)
1720012291.159134 sending message 112 to peer 0x150008000 (15 bytes)
1720012291.159139 sending message 112 to peer 0x150008000 (13 bytes)
1720012291.159143 sending message 112 to peer 0x150008000 (12 bytes)
1720012291.159155 sending message 112 to peer 0x150008000 (8 bytes)
1720012291.159160 sending message 112 to peer 0x150008000 (14 bytes)
1720012291.159165 sending message 112 to peer 0x150008000 (11 bytes)
1720012291.159169 sending message 112 to peer 0x150008000 (9 bytes)
1720012291.159174 sending message 112 to peer 0x150008000 (10 bytes)
1720012291.159179 sending message 112 to peer 0x150008000 (10 bytes)
1720012291.159183 sending message 112 to peer 0x150008000 (10 bytes)
1720012291.159188 sending message 112 to peer 0x150008000 (10 bytes)
1720012291.159203 sending message 112 to peer 0x150008000 (11 bytes)
1720012291.159206 sending message 112 to peer 0x150008000 (12 bytes)
1720012291.159210 sending message 112 to peer 0x150008000 (12 bytes)
1720012291.159213 sending message 112 to peer 0x150008000 (12 bytes)
1720012291.159217 sending message 112 to peer 0x150008000 (12 bytes)
1720012291.159220 sending message 112 to peer 0x150008000 (12 bytes)
1720012291.159223 sending message 112 to peer 0x150008000 (11 bytes)
1720012291.159226 sending message 112 to peer 0x150008000 (11 bytes)
1720012291.159230 sending message 112 to peer 0x150008000 (12 bytes)
1720012291.159233 sending message 112 to peer 0x150008000 (12 bytes)
1720012291.159237 sending message 112 to peer 0x150008000 (12 bytes)
1720012291.159240 sending message 112 to peer 0x150008000 (12 bytes)
1720012291.159243 sending message 112 to peer 0x150008000 (12 bytes)
1720012291.159247 sending message 112 to peer 0x150008000 (9 bytes)
1720012291.159250 sending message 112 to peer 0x150008000 (12 bytes)
1720012291.159254 sending message 112 to peer 0x150008000 (13 bytes)
1720012291.159257 sending message 112 to peer 0x150008000 (13 bytes)
1720012291.159260 sending message 112 to peer 0x150008000 (13 bytes)
1720012291.159263 sending message 112 to peer 0x150008000 (13 bytes)
1720012291.159267 sending message 112 to peer 0x150008000 (13 bytes)
1720012291.159271 sending message 112 to peer 0x150008000 (8 bytes)
1720012291.159275 sending message 112 to peer 0x150008000 (11 bytes)
1720012291.159278 sending message 112 to peer 0x150008000 (11 bytes)
1720012291.159281 sending message 112 to peer 0x150008000 (11 bytes)
1720012291.159286 sending message 112 to peer 0x150008000 (12 bytes)
1720012291.159289 sending message 112 to peer 0x150008000 (12 bytes)
1720012291.159294 sending message 112 to peer 0x150008000 (12 bytes)
1720012291.159298 sending message 112 to peer 0x150008000 (12 bytes)
1720012291.159301 sending message 112 to peer 0x150008000 (13 bytes)
1720012291.159304 sending message 112 to peer 0x150008000 (13 bytes)
1720012291.159308 sending message 112 to peer 0x150008000 (13 bytes)
1720012291.159311 sending message 112 to peer 0x150008000 (8 bytes)
1720012291.159314 sending message 112 to peer 0x150008000 (13 bytes)
1720012291.159317 sending message 112 to peer 0x150008000 (13 bytes)
1720012291.159321 sending message 112 to peer 0x150008000 (13 bytes)
1720012291.159324 sending message 112 to peer 0x150008000 (13 bytes)
1720012291.159327 sending message 112 to peer 0x150008000 (13 bytes)
1720012291.159331 sending message 112 to peer 0x150008000 (12 bytes)
1720012291.159334 sending message 112 to peer 0x150008000 (12 bytes)
1720012291.159337 sending message 112 to peer 0x150008000 (12 bytes)
1720012291.159340 sending message 112 to peer 0x150008000 (12 bytes)
1720012291.159344 sending message 112 to peer 0x150008000 (13 bytes)
1720012291.159347 sending message 112 to peer 0x150008000 (8 bytes)
1720012291.159350 sending message 112 to peer 0x150008000 (13 bytes)
1720012291.159354 sending message 112 to peer 0x150008000 (13 bytes)
1720012291.159357 sending message 112 to peer 0x150008000 (13 bytes)
1720012291.159360 sending message 112 to peer 0x150008000 (13 bytes)
1720012291.159363 sending message 112 to peer 0x150008000 (13 bytes)
1720012291.159367 sending message 112 to peer 0x150008000 (13 bytes)
1720012291.159370 sending message 112 to peer 0x150008000 (13 bytes)
1720012291.159373 sending message 112 to peer 0x150008000 (12 bytes)
1720012291.159376 sending message 112 to peer 0x150008000 (12 bytes)
1720012291.159380 sending message 112 to peer 0x150008000 (12 bytes)
1720012291.159383 sending message 112 to peer 0x150008000 (8 bytes)
1720012291.159386 sending message 112 to peer 0x150008000 (12 bytes)
1720012291.159390 sending message 112 to peer 0x150008000 (13 bytes)
1720012291.159393 sending message 112 to peer 0x150008000 (13 bytes)
1720012291.159396 sending message 112 to peer 0x150008000 (13 bytes)
1720012291.159400 sending message 112 to peer 0x150008000 (13 bytes)
1720012291.159408 sending message 112 to peer 0x150008000 (13 bytes)
1720012291.159412 sending message 112 to peer 0x150008000 (13 bytes)
1720012291.159415 sending message 112 to peer 0x150008000 (13 bytes)
1720012291.159418 sending message 112 to peer 0x150008000 (13 bytes)
1720012291.159422 sending message 112 to peer 0x150008000 (12 bytes)
1720012291.159425 sending message 112 to peer 0x150008000 (10 bytes)
1720012291.159428 sending message 112 to peer 0x150008000 (12 bytes)
1720012291.159432 sending message 112 to peer 0x150008000 (12 bytes)
1720012291.159435 sending message 112 to peer 0x150008000 (12 bytes)
1720012291.159438 sending message 112 to peer 0x150008000 (13 bytes)
1720012291.159441 sending message 112 to peer 0x150008000 (13 bytes)
1720012291.159445 sending message 112 to peer 0x150008000 (13 bytes)
1720012291.159448 sending message 112 to peer 0x150008000 (13 bytes)
1720012291.159451 sending message 112 to peer 0x150008000 (13 bytes)
1720012291.159455 sending message 112 to peer 0x150008000 (13 bytes)
1720012291.159458 sending message 112 to peer 0x150008000 (13 bytes)
1720012291.159461 sending message 112 to peer 0x150008000 (10 bytes)
1720012291.159464 sending message 112 to peer 0x150008000 (13 bytes)
1720012291.159468 sending message 112 to peer 0x150008000 (12 bytes)
1720012291.159471 sending message 112 to peer 0x150008000 (12 bytes)
1720012291.159474 sending message 112 to peer 0x150008000 (12 bytes)
1720012291.159477 sending message 112 to peer 0x150008000 (10 bytes)
1720012291.159481 sending message 112 to peer 0x150008000 (10 bytes)
1720012291.159484 sending message 112 to peer 0x150008000 (10 bytes)
1720012291.159487 sending message 112 to peer 0x150008000 (12 bytes)
1720012291.159491 sending message 112 to peer 0x150008000 (13 bytes)
1720012291.159494 sending message 112 to peer 0x150008000 (13 bytes)
1720012291.159497 sending message 112 to peer 0x150008000 (13 bytes)
1720012291.159500 sending message 112 to peer 0x150008000 (13 bytes)
1720012291.159504 sending message 112 to peer 0x150008000 (13 bytes)
1720012291.159507 sending message 112 to peer 0x150008000 (10 bytes)
1720012291.159510 sending message 112 to peer 0x150008000 (11 bytes)
1720012291.159513 sending message 112 to peer 0x150008000 (12 bytes)
1720012291.159517 sending message 112 to peer 0x150008000 (12 bytes)
1720012291.159520 sending message 112 to peer 0x150008000 (12 bytes)
1720012291.159523 sending message 112 to peer 0x150008000 (12 bytes)
1720012291.159526 sending message 112 to peer 0x150008000 (12 bytes)
1720012291.159530 sending message 112 to peer 0x150008000 (11 bytes)
1720012291.159533 sending message 112 to peer 0x150008000 (12 bytes)
1720012291.159536 sending message 112 to peer 0x150008000 (12 bytes)
1720012291.159539 sending message 112 to peer 0x150008000 (13 bytes)
1720012291.159543 sending message 112 to peer 0x150008000 (13 bytes)
1720012291.159546 sending message 112 to peer 0x150008000 (13 bytes)
1720012291.159549 sending message 112 to peer 0x150008000 (13 bytes)
1720012291.159552 sending message 112 to peer 0x150008000 (13 bytes)
1720012291.159556 sending message 112 to peer 0x150008000 (10 bytes)
1720012291.159559 sending message 112 to peer 0x150008000 (9 bytes)
1720012291.159562 sending message 112 to peer 0x150008000 (12 bytes)
1720012291.159566 sending message 112 to peer 0x150008000 (13 bytes)
1720012291.159569 sending message 112 to peer 0x150008000 (13 bytes)
1720012291.159572 sending message 112 to peer 0x150008000 (13 bytes)
1720012291.159575 sending message 112 to peer 0x150008000 (13 bytes)
1720012291.159579 sending message 112 to peer 0x150008000 (13 bytes)
1720012291.159582 sending message 112 to peer 0x150008000 (9 bytes)
1720012291.159585 sending message 112 to peer 0x150008000 (12 bytes)
1720012291.159588 sending message 112 to peer 0x150008000 (13 bytes)
1720012291.159592 sending message 112 to peer 0x150008000 (13 bytes)
1720012291.159595 sending message 112 to peer 0x150008000 (13 bytes)
1720012291.159598 sending message 112 to peer 0x150008000 (13 bytes)
1720012291.159602 sending message 112 to peer 0x150008000 (13 bytes)
1720012291.159609 sending message 112 to peer 0x150008000 (11 bytes)
1720012291.159613 sending message 112 to peer 0x150008000 (12 bytes)
1720012291.159616 sending message 112 to peer 0x150008000 (13 bytes)
1720012291.159619 sending message 112 to peer 0x150008000 (13 bytes)
1720012291.159623 sending message 112 to peer 0x150008000 (13 bytes)
1720012291.159626 sending message 112 to peer 0x150008000 (13 bytes)
1720012291.159629 sending message 112 to peer 0x150008000 (13 bytes)
1720012291.159633 sending message 112 to peer 0x150008000 (11 bytes)
1720012291.159636 sending message 112 to peer 0x150008000 (12 bytes)
1720012291.159639 sending message 112 to peer 0x150008000 (12 bytes)
1720012291.159642 sending message 112 to peer 0x150008000 (12 bytes)
1720012291.159646 sending message 112 to peer 0x150008000 (12 bytes)
1720012291.159649 sending message 112 to peer 0x150008000 (12 bytes)
1720012291.159652 sending message 112 to peer 0x150008000 (21 bytes)
1720012291.159656 sending message 112 to peer 0x150008000 (12 bytes)
1720012291.159659 sending message 112 to peer 0x150008000 (9 bytes)
1720012291.159662 sending message 112 to peer 0x150008000 (6 bytes)
1720012291.159665 sending message 112 to peer 0x150008000 (13 bytes)
1720012291.159669 sending message 112 to peer 0x150008000 (10 bytes)
1720012291.159672 sending message 112 to peer 0x150008000 (24 bytes)
1720012291.159675 sending message 112 to peer 0x150008000 (13 bytes)
1720012291.159679 sending message 112 to peer 0x150008000 (9 bytes)
1720012291.159682 sending message 112 to peer 0x150008000 (70 bytes)
1720012291.159685 sending message 112 to peer 0x150008000 (69 bytes)
1720012291.159689 sending message 112 to peer 0x150008000 (12 bytes)
1720012291.159692 sending message 112 to peer 0x150008000 (10 bytes)
1720012291.159695 sending message 112 to peer 0x150008000 (10 bytes)
1720012291.159699 sending message 112 to peer 0x150008000 (24 bytes)
1720012291.159702 sending message 112 to peer 0x150008000 (13 bytes)
1720012291.159705 sending message 112 to peer 0x150008000 (10 bytes)
1720012291.159709 sending message 112 to peer 0x150008000 (10 bytes)
1720012291.159712 sending message 112 to peer 0x150008000 (10 bytes)
1720012291.159715 sending message 112 to peer 0x150008000 (13 bytes)
1720012291.159718 sending message 112 to peer 0x150008000 (15 bytes)
1720012291.159722 sending message 112 to peer 0x150008000 (5 bytes)
1720012291.159726 sending message 104 to peer 0x150008000 (0 bytes)
1720012291.159730 sending message 110 to peer 0x150008000 (0 bytes)
1720012291.159734 sending message 107 to peer 0x150008000 (4 bytes)
1720012291.159737 sending message 105 to peer 0x150008000 (82 bytes)
1720012291.159741 sending message 105 to peer 0x150008000 (86 bytes)
1720012291.159744 sending message 105 to peer 0x150008000 (31 bytes)
1720012291.159747 sending message 105 to peer 0x150008000 (40 bytes)
1720012291.159751 sending message 105 to peer 0x150008000 (50 bytes)
1720012291.159754 sending message 105 to peer 0x150008000 (47 bytes)
1720012291.159757 sending message 105 to peer 0x150008000 (20 bytes)
1720012291.159760 sending message 105 to peer 0x150008000 (22 bytes)
1720012291.159764 sending message 105 to peer 0x150008000 (63 bytes)
1720012291.159767 sending message 105 to peer 0x150008000 (28 bytes)
1720012291.159770 sending message 105 to peer 0x150008000 (37 bytes)
1720012291.159774 sending message 105 to peer 0x150008000 (30 bytes)
1720012291.159777 sending message 105 to peer 0x150008000 (34 bytes)
1720012291.159780 sending message 105 to peer 0x150008000 (60 bytes)
1720012291.159784 sending message 105 to peer 0x150008000 (19 bytes)
1720012291.159787 sending message 105 to peer 0x150008000 (8 bytes)
1720012291.159790 sending message 105 to peer 0x150008000 (24 bytes)
1720012291.159794 sending message 105 to peer 0x150008000 (32 bytes)
1720012291.159797 sending message 105 to peer 0x150008000 (96 bytes)
1720012291.159801 sending message 105 to peer 0x150008000 (216 bytes)
1720012291.159804 sending message 105 to peer 0x150008000 (1000 bytes)
1720012291.159814 sending message 105 to peer 0x150008000 (63 bytes)
1720012291.159818 sending message 105 to peer 0x150008000 (16 bytes)
1720012291.159821 sending message 105 to peer 0x150008000 (36 bytes)
1720012291.159824 sending message 105 to peer 0x150008000 (72 bytes)
1720012291.159828 sending message 105 to peer 0x150008000 (58 bytes)
1720012291.159831 sending message 105 to peer 0x150008000 (34 bytes)
1720012291.159834 sending message 105 to peer 0x150008000 (51 bytes)
1720012291.159838 sending message 105 to peer 0x150008000 (11 bytes)
1720012291.159841 sending message 105 to peer 0x150008000 (1055 bytes)
1720012291.159845 sending message 105 to peer 0x150008000 (67 bytes)
1720012291.159848 sending message 105 to peer 0x150008000 (15 bytes)
1720012291.159852 sending message 105 to peer 0x150008000 (8 bytes)
1720012291.159855 sending message 105 to peer 0x150008000 (66 bytes)
1720012291.159859 sending message 105 to peer 0x150008000 (20 bytes)
1720012291.159862 sending message 105 to peer 0x150008000 (18 bytes)
1720012291.159865 sending message 105 to peer 0x150008000 (25 bytes)
1720012291.159869 sending message 105 to peer 0x150008000 (57 bytes)
1720012291.159872 sending message 105 to peer 0x150008000 (43 bytes)
1720012291.159875 sending message 105 to peer 0x150008000 (13 bytes)
1720012291.159881 sending message 105 to peer 0x150008000 (63 bytes)
1720012291.159885 sending message 105 to peer 0x150008000 (21 bytes)
1720012291.159889 sending message 105 to peer 0x150008000 (20 bytes)
1720012291.159892 sending message 105 to peer 0x150008000 (14 bytes)
1720012291.159895 sending message 105 to peer 0x150008000 (19 bytes)
1720012291.159899 sending message 105 to peer 0x150008000 (38 bytes)
1720012291.159902 sending message 105 to peer 0x150008000 (35 bytes)
1720012291.159905 sending message 105 to peer 0x150008000 (32 bytes)
1720012291.159909 sending message 105 to peer 0x150008000 (25 bytes)
1720012291.159912 sending message 106 to peer 0x150008000 (0 bytes)
1720012291.159987 sending message 200 to peer 0x150008000 (4 bytes)
1720012291.159993 client loop enter
1720012291.160216 peer 0x150008000 message 303
1720012291.160221 open write file 2 -
1720012291.160236 sending message 305 to peer 0x150008000 (8 bytes)
1720012291.160247 write check file 2
1720012291.160267 peer 0x150008000 message 304
1720012291.160270 write 58 to file 2
1720012291.160278 peer 0x150008000 message 203
1720012291.160281 file 2 58 bytes left
1720012291.160292 write check file 2
1720012291.160296 client loop exit
